Arguments: 
  C:\Program Files\nodejs\node.exe C:\Users\adria\AppData\Roaming\npm\node_modules\yarn\bin\yarn.js add express redis pg doby-parser cors

PATH: 
  C:\Users\adria\bin;C:\Program Files\Git\mingw64\bin;C:\Program Files\Git\usr\local\bin;C:\Program Files\Git\usr\bin;C:\Program Files\Git\usr\bin;C:\Program Files\Git\mingw64\bin;C:\Program Files\Git\usr\bin;C:\Users\adria\bin;C:\Program Files (x86)\Common Files\Oracle\Java\javapath;C:\Program Files (x86)\Intel\iCLS Client;C:\Program Files\Intel\iCLS Client;C:\WINDOWS\system32;C:\WINDOWS;C:\WINDOWS\System32\Wbem;C:\WINDOWS\System32\WindowsPowerShell\v1.0;C:\Program Files (x86)\Intel\Intel(R) Management Engine Components\DAL;C:\Program Files\Intel\Intel(R) Management Engine Components\DAL;C:\Program Files (x86)\Intel\Intel(R) Management Engine Components\IPT;C:\Program Files\Intel\Intel(R) Management Engine Components\IPT;C:\WINDOWS\System32\OpenSSH;C:\Program Files\Git\cmd;C:\Software\apache-maven-3.6.0\bin;C:\Program Files\nodejs;C:\Program Files\PuTTY;C:\Program Files\Docker\Docker\resources\bin;C:\ProgramData\DockerDesktop\version-bin;C:\Users\adria\AppData\Local\Microsoft\WindowsApps;C:\Users\adria\AppData\Local\Programs\Microsoft VS Code\bin;C:\Users\adria\AppData\Roaming\npm;C:\Users\adria\AppData\Local\atom\bin;%USERPROFILE%\AppData\Local\Microsoft\WindowsApps;C:\Program Files\Git\usr\bin\vendor_perl;C:\Program Files\Git\usr\bin\core_perl

Yarn version: 
  1.16.0

Node version: 
  10.15.1

Platform: 
  win32 x64

Trace: 
  Error: https://registry.yarnpkg.com/doby-parser: Not found
      at Request.params.callback [as _callback] (C:\Users\adria\AppData\Roaming\npm\node_modules\yarn\lib\cli.js:66091:18)
      at Request.self.callback (C:\Users\adria\AppData\Roaming\npm\node_modules\yarn\lib\cli.js:129590:22)
      at Request.emit (events.js:189:13)
      at Request.<anonymous> (C:\Users\adria\AppData\Roaming\npm\node_modules\yarn\lib\cli.js:130562:10)
      at Request.emit (events.js:189:13)
      at IncomingMessage.<anonymous> (C:\Users\adria\AppData\Roaming\npm\node_modules\yarn\lib\cli.js:130484:12)
      at Object.onceWrapper (events.js:277:13)
      at IncomingMessage.emit (events.js:194:15)
      at endReadableNT (_stream_readable.js:1103:12)
      at process._tickCallback (internal/process/next_tick.js:63:19)

npm manifest: 
  {
    "name": "mybackend",
    "version": "1.0.0",
    "main": "index.js",
    "license": "MIT"
  }

yarn manifest: 
  No manifest

Lockfile: 
  No lockfile
